0 info it worked if it ends with ok
1 verbose cli [ 'node',
1 verbose cli   'C:\\Users\\Caryi\\AppData\\Roaming\\npm\\node_modules\\npm\\bin\\npm-cli.js',
1 verbose cli   'install',
1 verbose cli   'jquery-cookie' ]
2 info using npm@3.3.10
3 info using node@v0.12.8
4 silly loadCurrentTree Starting
5 silly install loadCurrentTree
6 silly install readLocalPackageData
7 silly fetchPackageMetaData jquery-cookie
8 silly fetchNamedPackageData jquery-cookie
9 silly mapToRegistry name jquery-cookie
10 silly mapToRegistry using default registry
11 silly mapToRegistry registry https://registry.npm.taobao.org/
12 silly mapToRegistry uri https://registry.npm.taobao.org/jquery-cookie
13 verbose request uri https://registry.npm.taobao.org/jquery-cookie
14 verbose request no auth needed
15 info attempt registry request try #1 at 15:11:06
16 verbose request id e29f67d6962d28be
17 http request GET https://registry.npm.taobao.org/jquery-cookie
18 http 404 https://registry.npm.taobao.org/jquery-cookie
19 verbose headers { 'content-type': 'application/json',
19 verbose headers   'cache-control': 'max-age=0',
19 verbose headers   'content-length': '2',
19 verbose headers   'accept-ranges': 'bytes',
19 verbose headers   date: 'Thu, 07 Jan 2016 07:11:46 GMT',
19 verbose headers   via: '1.1 varnish',
19 verbose headers   age: '0',
19 verbose headers   connection: 'close',
19 verbose headers   'x-served-by': 'cache-hkg6825-HKG',
19 verbose headers   'x-cache': 'MISS',
19 verbose headers   'x-cache-hits': '0',
19 verbose headers   'x-timer': 'S1452150706.101431,VS0,VE697' }
20 silly get cb [ 404,
20 silly get   { 'content-type': 'application/json',
20 silly get     'cache-control': 'max-age=0',
20 silly get     'content-length': '2',
20 silly get     'accept-ranges': 'bytes',
20 silly get     date: 'Thu, 07 Jan 2016 07:11:46 GMT',
20 silly get     via: '1.1 varnish',
20 silly get     age: '0',
20 silly get     connection: 'close',
20 silly get     'x-served-by': 'cache-hkg6825-HKG',
20 silly get     'x-cache': 'MISS',
20 silly get     'x-cache-hits': '0',
20 silly get     'x-timer': 'S1452150706.101431,VS0,VE697' } ]
21 silly fetchPackageMetaData Error: Registry returned 404 for GET on https://registry.npm.taobao.org/jquery-cookie
21 silly fetchPackageMetaData     at makeError (C:\Users\Caryi\AppData\Roaming\npm\node_modules\npm\node_modules\npm-registry-client\lib\request.js:264:12)
21 silly fetchPackageMetaData     at CachingRegistryClient.<anonymous> (C:\Users\Caryi\AppData\Roaming\npm\node_modules\npm\node_modules\npm-registry-client\lib\request.js:242:14)
21 silly fetchPackageMetaData     at Request._callback (C:\Users\Caryi\AppData\Roaming\npm\node_modules\npm\node_modules\npm-registry-client\lib\request.js:172:14)
21 silly fetchPackageMetaData     at Request.self.callback (C:\Users\Caryi\AppData\Roaming\npm\node_modules\npm\node_modules\request\request.js:198:22)
21 silly fetchPackageMetaData     at Request.emit (events.js:110:17)
21 silly fetchPackageMetaData     at Request.<anonymous> (C:\Users\Caryi\AppData\Roaming\npm\node_modules\npm\node_modules\request\request.js:1082:10)
21 silly fetchPackageMetaData     at Request.emit (events.js:129:20)
21 silly fetchPackageMetaData     at IncomingMessage.<anonymous> (C:\Users\Caryi\AppData\Roaming\npm\node_modules\npm\node_modules\request\request.js:1009:12)
21 silly fetchPackageMetaData     at IncomingMessage.emit (events.js:129:20)
21 silly fetchPackageMetaData     at _stream_readable.js:908:16
21 silly fetchPackageMetaData  error for jquery-cookie { [Error: Registry returned 404 for GET on https://registry.npm.taobao.org/jquery-cookie] pkgid: 'jquery-cookie', statusCode: 404, code: 'E404' }
22 silly rollbackFailedOptional Starting
23 silly rollbackFailedOptional Finishing
24 silly runTopLevelLifecycles Starting
25 silly runTopLevelLifecycles Finishing
26 silly install printInstalled
27 verbose stack Error: Registry returned 404 for GET on https://registry.npm.taobao.org/jquery-cookie
27 verbose stack     at makeError (C:\Users\Caryi\AppData\Roaming\npm\node_modules\npm\node_modules\npm-registry-client\lib\request.js:264:12)
27 verbose stack     at CachingRegistryClient.<anonymous> (C:\Users\Caryi\AppData\Roaming\npm\node_modules\npm\node_modules\npm-registry-client\lib\request.js:242:14)
27 verbose stack     at Request._callback (C:\Users\Caryi\AppData\Roaming\npm\node_modules\npm\node_modules\npm-registry-client\lib\request.js:172:14)
27 verbose stack     at Request.self.callback (C:\Users\Caryi\AppData\Roaming\npm\node_modules\npm\node_modules\request\request.js:198:22)
27 verbose stack     at Request.emit (events.js:110:17)
27 verbose stack     at Request.<anonymous> (C:\Users\Caryi\AppData\Roaming\npm\node_modules\npm\node_modules\request\request.js:1082:10)
27 verbose stack     at Request.emit (events.js:129:20)
27 verbose stack     at IncomingMessage.<anonymous> (C:\Users\Caryi\AppData\Roaming\npm\node_modules\npm\node_modules\request\request.js:1009:12)
27 verbose stack     at IncomingMessage.emit (events.js:129:20)
27 verbose stack     at _stream_readable.js:908:16
28 verbose statusCode 404
29 verbose pkgid jquery-cookie
30 verbose cwd D:\demo2
31 error Windows_NT 6.1.7601
32 error argv "node" "C:\\Users\\Caryi\\AppData\\Roaming\\npm\\node_modules\\npm\\bin\\npm-cli.js" "install" "jquery-cookie"
33 error node v0.12.8
34 error npm  v3.3.10
35 error code E404
36 error 404 Registry returned 404 for GET on https://registry.npm.taobao.org/jquery-cookie
36 error 404
36 error 404 'jquery-cookie' is not in the npm registry.
36 error 404 You should bug the author to publish it (or use the name yourself!)
36 error 404
36 error 404 Note that you can also install from a
36 error 404 tarball, folder, http url, or git url.
37 verbose exit [ 1, true ]
